events.js:291
      throw er; // Unhandled 'error' event
      ^

Error: listen EADDRINUSE: address already in use :::4000
    at Server.setupListenHandle [as _listen2] (net.js:1310:16)
    at listenInCluster (net.js:1358:12)
    at Server.listen (net.js:1444:7)
    at Object.<anonymous> (/home/rafa/Master/CC/practicaCC/app/backend/app.js:68:2)
    at Module._compile (internal/modules/cjs/loader.js:999:30)
    at Object.Module._extensions..js (internal/modules/cjs/loader.js:1027:10)
    at Module.load (internal/modules/cjs/loader.js:863:32)
    at Function.Module._load (internal/modules/cjs/loader.js:708:14)
    at Function.executeUserEntryPoint [as runMain] (internal/modules/run_main.js:60:12)
    at internal/main/run_main_module.js:17:47
Emitted 'error' event on Server instance at:
    at emitErrorNT (net.js:1337:8)
    at processTicksAndRejections (internal/process/task_queues.js:84:21) {
  code: 'EADDRINUSE',
  errno: 'EADDRINUSE',
  syscall: 'listen',
  address: '::',
  port: 4000
}
Server is Started on 4000
Conexión a la Bd completada
creando scrypt
rGqlM5NuyKjtwYfMbOS1qRz4txbO71pAwuF6XIhYQ0Op29Pg2dk4UHGs0e8gvaXLQY5tljVbEgp2N+ssqfTCyQ==
tiempo: 917.282ms
/home/rafa/Master/CC/practicaCC/app/backend/users/Pepe/galeria
Before function call Directory do not exist
After function call Directory exists
nueva foto de ::ffff:127.0.0.1  [object Object]
Primera insercion exitosa, ahora se busca el id
nueva foto de ::ffff:127.0.0.1  [object Object]
Primera insercion exitosa, ahora se busca el id

Usuario publicacion eliminado 
publicaciones eliminadas 
usuario borrado Pepe
Recursive: Directories Deleted!
